05-20-2022 @ 23:29:59 - ---[ New import started at 2022-05-20 15:29:59 ] PHP Memory: 128 MB, WP Memory: 40 MB
05-20-2022 @ 23:29:59 - Preparing for import.
05-20-2022 @ 23:29:59 - Row :1 - Parsing item.
05-20-2022 @ 23:29:59 - Row :1 - Processing item.
05-20-2022 @ 23:29:59 - Found order object. ID:711
05-20-2022 @ 23:30:00 - Row :1 - Order imported successfully.
05-20-2022 @ 23:30:00 - Row :2 - Parsing item.
05-20-2022 @ 23:30:00 - Row :2 - Processing item.
05-20-2022 @ 23:30:00 - Found order object. ID:0
05-20-2022 @ 23:30:00 - Row :2 - Order imported successfully.
05-20-2022 @ 23:30:00 - Row :3 - Parsing item.
05-20-2022 @ 23:30:00 - Row :3 - Processing item.
05-20-2022 @ 23:30:00 - Found order object. ID:0
05-20-2022 @ 23:30:00 - Row :3 - Order imported successfully.
05-20-2022 @ 23:30:00 - Row :4 - Parsing item.
05-20-2022 @ 23:30:00 - Row :4 - Processing item.
05-20-2022 @ 23:30:00 - Found order object. ID:712
05-20-2022 @ 23:30:00 - Row :4 - Order imported successfully.
05-20-2022 @ 23:30:00 - Row :5 - Parsing item.
05-20-2022 @ 23:30:00 - Row :5 - Processing item.
05-20-2022 @ 23:30:00 - Found order object. ID:713
05-20-2022 @ 23:30:00 - Row :5 - Order imported successfully.
05-20-2022 @ 23:30:00 - Row :6 - Parsing item.
05-20-2022 @ 23:30:00 - Row :6 - Processing item.
05-20-2022 @ 23:30:01 - Found order object. ID:714
05-20-2022 @ 23:30:01 - Row :6 - Order imported successfully.
05-20-2022 @ 23:30:01 - ---[ Import ended at 2022-05-20 15:30:01]---
