05-20-2022 @ 23:30:24 - ---[ New import started at 2022-05-20 15:30:24 ] PHP Memory: 128 MB, WP Memory: 40 MB
05-20-2022 @ 23:30:24 - Preparing for import.
05-20-2022 @ 23:30:24 - Row :1 - Parsing item.
05-20-2022 @ 23:30:24 - Row :1 - Processing item.
05-20-2022 @ 23:30:25 - Found order object. ID:715
05-20-2022 @ 23:30:25 - Row :1 - Order imported successfully.
05-20-2022 @ 23:30:25 - Row :2 - Parsing item.
05-20-2022 @ 23:30:25 - Row :2 - Processing item.
05-20-2022 @ 23:30:25 - Found order object. ID:0
05-20-2022 @ 23:30:25 - Row :2 - Order imported successfully.
05-20-2022 @ 23:30:25 - Row :3 - Parsing item.
05-20-2022 @ 23:30:25 - Row :3 - Processing item.
05-20-2022 @ 23:30:25 - Found order object. ID:0
05-20-2022 @ 23:30:25 - Row :3 - Order imported successfully.
05-20-2022 @ 23:30:25 - Row :4 - Parsing item.
05-20-2022 @ 23:30:25 - Row :4 - Processing item.
05-20-2022 @ 23:30:25 - Found order object. ID:716
05-20-2022 @ 23:30:26 - Row :4 - Order imported successfully.
05-20-2022 @ 23:30:26 - Row :5 - Parsing item.
05-20-2022 @ 23:30:26 - Row :5 - Processing item.
05-20-2022 @ 23:30:26 - Found order object. ID:717
05-20-2022 @ 23:30:26 - Row :5 - Order imported successfully.
05-20-2022 @ 23:30:26 - Row :6 - Parsing item.
05-20-2022 @ 23:30:26 - Row :6 - Processing item.
05-20-2022 @ 23:30:26 - Found order object. ID:718
05-20-2022 @ 23:30:27 - Row :6 - Order imported successfully.
05-20-2022 @ 23:30:27 - ---[ Import ended at 2022-05-20 15:30:27]---
